<?xml version="1.0" encoding="UTF-8"?>
<!-- Generated by org.testng.reporters.JUnitReportReporter -->
<testsuite hostname="Rahul-Ramagiri" failures="0" tests="5" name="AutomationTestCases.LoginTestCase" time="16.406" errors="0" timestamp="2024-06-05T12:05:06 IST" skipped="0">
  <testcase classname="AutomationTestCases.LoginTestCase" name="LoginAutomationFuntion" time="11.140"/>
  <testcase classname="AutomationTestCases.LoginTestCase" name="ValidateLogoutFuntion" time="1.936"/>
  <testcase classname="AutomationTestCases.LoginTestCase" name="ValidateLoginWithInvalidaCreds" time="2.044"/>
  <testcase classname="AutomationTestCases.LoginTestCase" name="ValidateSubscrition" time="0.253"/>
  <testcase classname="AutomationTestCases.LoginTestCase" name="ValidateSubscitionFromCart" time="1.033"/>
  <system-out>
    <![CDATA[Click to see ScreenShot
Click to see ScreenShot
Click to see ScreenShot]]>
  </system-out>
</testsuite> <!-- AutomationTestCases.LoginTestCase -->
